<?xml version="1.0" encoding="UTF-8"?>
<!-- Generated by org.testng.reporters.JUnitReportReporter -->
<testsuite hostname="vikass-Laptop.local" failures="0" tests="1" name="Demo" time="0.004" errors="0" timestamp="2024-12-27T19:17:50 IST" skipped="0">
  <testcase classname="Demo" name="doWalk" time="0.004"/>
  <system-out/>
</testsuite> <!-- Demo -->
