<?xml version="1.0" encoding="UTF-8"?>
<!-- Generated by org.testng.reporters.JUnitReportReporter -->
<testsuite hostname="vikass-Laptop.local" failures="0" tests="1" name="com.demopackage.Demo" time="0.003" errors="0" timestamp="2024-12-27T20:35:37 IST" skipped="0">
  <testcase classname="com.demopackage.Demo" name="doWalk" time="0.003"/>
  <system-out/>
</testsuite> <!-- com.demopackage.Demo -->
