<?xml version="1.0" encoding="UTF-8"?>
<!-- Generated by org.testng.reporters.JUnitReportReporter -->
<testsuite hostname="vikass-Laptop.local" failures="0" tests="1" name="com.vikas.Demo" time="6.960" errors="0" timestamp="2024-12-28T21:27:24 IST" skipped="0">
  <testcase classname="com.vikas.Demo" name="doWalk" time="6.960"/>
  <system-out/>
</testsuite> <!-- com.vikas.Demo -->
